Arguments: 
  /Users/codeceptacon/.nvm/versions/node/v6.6.0/bin/node /Users/codeceptacon/.nvm/versions/node/v6.6.0/bin/yarn install

PATH: 
  /Users/codeceptacon/anaconda3/bin:/Users/codeceptacon/.nvm/versions/node/v6.6.0/bin:/Library/Frameworks/Python.framework/Versions/2.7/bin:/Applications/Postgres.app/Contents/Versions/9.4/bin:/usr/local/heroku/bin:./node_modules/.bin:/usr/local/bin:/usr/bin:/bin:/usr/sbin:/sbin:/usr/local/bin:/Users/codeceptacon/Library/Android/sdk:/Users/codeceptacon/Library/Android/sdk/tools:/Users/codeceptacon/Library/Android/sdk/platform-tools:/Users/codeceptacon/.yarn/bin

Yarn version: 
  0.16.1

Node version: 
  6.6.0

Platform: 
  darwin x64

npm manifest: 
  {
    "name": "kisi",
    "version": "1.0.0",
    "description": "Testing out kisi-api flow",
    "main": "index.js",
    "repository": {
      "url": "https://github.com/jihdeh/kisi-api",
      "type": "git"
    },
    "scripts": {
      "test": "echo \"Error: no test specified\" && exit 1",
      "start": "node server/index.js",
      "dev": "WEB_CONCURRENCY=1 nodemon --ignore dist -d 2 server/index.js & npm run watch",
      "build": "echo Build mode: ${NODE_ENV:-develop} && rm -R -f dist && mkdir -p dist && npm run app",
      "app": "webpack",
      "watch:hash": "nodemon --watch dist --exec ./tools/cachehash",
      "watch": "npm run watch:hash & webpack --display-modules --progress --watch --display-error-details",
      "postinstall": "npm run build"
    },
    "dependencies": {
      "assets-webpack-plugin": "^3.4.0",
      "axios": "^0.15.2",
      "babel-loader": "^6.2.5",
      "babel-plugin-add-module-exports": "^0.2.1",
      "babel-plugin-transform-class-properties": "^6.16.0",
      "babel-plugin-transform-decorators-legacy": "^1.3.4",
      "babel-plugin-transform-regenerator": "^6.16.1",
      "babel-polyfill": "^6.16.0",
      "babel-preset-latest": "^6.16.0",
      "babel-preset-react": "^6.16.0",
      "babel-preset-stage-0": "^6.16.0",
      "babel-register": "^6.16.3",
      "clean-webpack-plugin": "^0.1.13",
      "immutability-helper": "^2.0.0",
      "iso": "^5.2.0",
      "jsonwebtoken": "^7.1.9",
      "koa": "^1.2.4",
      "koa-bodyparser": "^2.2.0",
      "koa-cache-control": "^1.0.0",
      "koa-forward-request": "^0.7.1",
      "koa-logger": "^1.3.0",
      "koa-mount": "^1.3.0",
      "koa-response-time": "^1.0.2",
      "koa-router": "^5.4.0",
      "koa-static": "^2.0.0",
      "koa-static-cache": "^3.1.7",
      "ramda": "^0.22.1",
      "react": "^15.3.2",
      "react-dom": "^15.3.2",
      "react-immutable-proptypes": "^2.1.0",
      "react-intl-tel-input": "^3.4.2",
      "react-materialize": "^0.17.0",
      "react-redux": "^4.4.5",
      "react-router": "^2.8.1",
      "react-router-redux": "^4.0.6",
      "react-tap-event-plugin": "^1.0.0",
      "recompose": "^0.20.2",
      "redux": "^3.6.0",
      "redux-immutable": "^3.0.8",
      "redux-thunk": "^2.1.0",
      "style-loader": "^0.13.1",
      "util": "^0.10.3",
      "validator": "^6.1.0",
      "file-loader": "^0.9.0",
      "url-loader": "^0.5.7",
      "webpack": "^1.13.2",
      "winston": "^2.2.0",
      "image-webpack-loader": "^3.0.0",
      "css-loader": "^0.25.0",
    },
    "devDependencies": {
      "assets-webpack-plugin": "^3.4.0",
      "chai": "^3.0.0",
      "chai-as-promised": "^5.1.0",
      "clean-webpack-plugin": "^0.1.13",
      "eslint": "^1.9.0",
      "eslint-config-airbnb-base": "^8.0.0",
      "eslint-loader": "^1.0.0",
      "eslint-plugin-import": "^2.0.1",
      "eslint-plugin-react": "^3.5.1",
      "jscs": "^2.5.1",
      "jscs-loader": "^0.2.0",
      "jsdom": "^8.0.1",
      "json-loader": "^0.5.2",
      "mocha": "^2.5.3",
      "mocha-jsdom": "^1.1.0",
      "node-sass": "^3.4.2",
      "nodemon": "^1.4.1",
      "react-addons-test-utils": "^0.14.2",
      "react-hot-loader": "^3.0.0-beta.5",
      "sinon": "^1.17.2",
      "source-map-loader": "^0.1.5",
      "source-map-support": "^0.3.2",
      "supertest": "^1.0.1",
      "supertest-as-promised": "^2.0.2",
      "webpack-dev-server": "^1.16.2"
    },
    "author": "Jihdeh",
    "license": "MIT"
  }

yarn manifest: 
  No manifest

bower manifest: 
  No manifest

Lockfile: 
  No lockfile

Trace: 
  SyntaxError: /Users/codeceptacon/Documents/source/kisi/package.json: Unexpected token } in JSON at position 2382
      at Object.parse (native)
      at /Users/codeceptacon/.nvm/versions/node/v6.6.0/lib/node_modules/yarn/lib/util/fs.js:271:57
      at next (native)
      at step (/Users/codeceptacon/.nvm/versions/node/v6.6.0/lib/node_modules/yarn/node_modules/babel-runtime/helpers/asyncToGenerator.js:17:30)
      at /Users/codeceptacon/.nvm/versions/node/v6.6.0/lib/node_modules/yarn/node_modules/babel-runtime/helpers/asyncToGenerator.js:28:20
